0 info it worked if it ends with ok
1 verbose cli [ '/usr/local/bin/node',
1 verbose cli   '/usr/local/bin/npm',
1 verbose cli   'run',
1 verbose cli   'test_jasmine' ]
2 info using npm@3.10.3
3 info using node@v6.3.1
4 verbose run-script [ 'pretest_jasmine', 'test_jasmine', 'posttest_jasmine' ]
5 info lifecycle react-starter@1.0.0~pretest_jasmine: react-starter@1.0.0
6 silly lifecycle react-starter@1.0.0~pretest_jasmine: no script for pretest_jasmine, continuing
7 info lifecycle react-starter@1.0.0~test_jasmine: react-starter@1.0.0
8 verbose lifecycle react-starter@1.0.0~test_jasmine: unsafe-perm in lifecycle true
9 verbose lifecycle react-starter@1.0.0~test_jasmine: PATH: /usr/local/lib/node_modules/npm/bin/node-gyp-bin:/Users/arthur.christoph/Documents/projects/react-starter/node_modules/.bin:/usr/local/bin:/Users/arthur.christoph/go_appengine:/Users/arthur.christoph/google-cloud-sdk:/Applications/Postgres.app/Contents/Versions/9.4/bin:/usr/local/go_appengine:/Users/arthur.christoph/google-cloud-sdk/bin:/usr/local/bin/node:/usr/local/heroku/bin:/Users/arthur.christoph/.rvm/gems/ruby-2.2.0/bin:/Users/arthur.christoph/.rvm/gems/ruby-2.2.0@global/bin:/Users/arthur.christoph/.rvm/rubies/ruby-2.2.0/bin:/Users/arthur.christoph/.rvm/bin:/Users/arthur.christoph/.gem/bin:/Users/arthur.christoph/.rvm/bin:/Users/arthur.christoph/work/bin:/usr/local/bin:/usr/bin:/bin:/usr/sbin:/sbin:/opt/X11/bin:/usr/local/go/bin:/Users/arthur.christoph/google-cloud-sdk/bin:$PATH
10 verbose lifecycle react-starter@1.0.0~test_jasmine: CWD: /Users/arthur.christoph/Documents/projects/react-starter
11 silly lifecycle react-starter@1.0.0~test_jasmine: Args: [ '-c', 'jasmine JASMINE_CONFIG_PATH=test/jasmine.json' ]
12 silly lifecycle react-starter@1.0.0~test_jasmine: Returned: code: 1  signal: null
13 info lifecycle react-starter@1.0.0~test_jasmine: Failed to exec test_jasmine script
14 verbose stack Error: react-starter@1.0.0 test_jasmine: `jasmine JASMINE_CONFIG_PATH=test/jasmine.json`
14 verbose stack Exit status 1
14 verbose stack     at EventEmitter.<anonymous> (/usr/local/lib/node_modules/npm/lib/utils/lifecycle.js:242:16)
14 verbose stack     at emitTwo (events.js:106:13)
14 verbose stack     at EventEmitter.emit (events.js:191:7)
14 verbose stack     at ChildProcess.<anonymous> (/usr/local/lib/node_modules/npm/lib/utils/spawn.js:40:14)
14 verbose stack     at emitTwo (events.js:106:13)
14 verbose stack     at ChildProcess.emit (events.js:191:7)
14 verbose stack     at maybeClose (internal/child_process.js:852:16)
14 verbose stack     at Process.ChildProcess._handle.onexit (internal/child_process.js:215:5)
15 verbose pkgid react-starter@1.0.0
16 verbose cwd /Users/arthur.christoph/Documents/projects/react-starter
17 error Darwin 15.6.0
18 error argv "/usr/local/bin/node" "/usr/local/bin/npm" "run" "test_jasmine"
19 error node v6.3.1
20 error npm  v3.10.3
21 error code ELIFECYCLE
22 error react-starter@1.0.0 test_jasmine: `jasmine JASMINE_CONFIG_PATH=test/jasmine.json`
22 error Exit status 1
23 error Failed at the react-starter@1.0.0 test_jasmine script 'jasmine JASMINE_CONFIG_PATH=test/jasmine.json'.
23 error Make sure you have the latest version of node.js and npm installed.
23 error If you do, this is most likely a problem with the react-starter package,
23 error not with npm itself.
23 error Tell the author that this fails on your system:
23 error     jasmine JASMINE_CONFIG_PATH=test/jasmine.json
23 error You can get information on how to open an issue for this project with:
23 error     npm bugs react-starter
23 error Or if that isn't available, you can get their info via:
23 error     npm owner ls react-starter
23 error There is likely additional logging output above.
24 verbose exit [ 1, true ]
